/api/user/profile:1  Failed to load resource: the server responded with a status of 405 ()
91-26e3c0406beebf4c.js?dpl=dpl_ARAp7369oeKH5SQ1nKKAyTszAgJo:1 [EnsureUserProfile] Database unavailable for player-1765058943164-xmo7azph4: Error: Missing Supabase environment variables: SUPABASE_SERVICE_ROLE_KEY
    at 91-26e3c0406beebf4c.js?dpl=dpl_ARAp7369oeKH5SQ1nKKAyTszAgJo:1:567
    at l (91-26e3c0406beebf4c.js?dpl=dpl_ARAp7369oeKH5SQ1nKKAyTszAgJo:1:699)
    at u.processQueue (91-26e3c0406beebf4c.js?dpl=dpl_ARAp7369oeKH5SQ1nKKAyTszAgJo:1:3855)
    at async page-541ec85f215f1e78.js?dpl=dpl_ARAp7369oeKH5SQ1nKKAyTszAgJo:2:26158
l @ 91-26e3c0406beebf4c.js?dpl=dpl_ARAp7369oeKH5SQ1nKKAyTszAgJo:1
relationship-progress:1  Failed to load resource: the server responded with a status of 405 ()
platform-state:1  Failed to load resource: the server responded with a status of 405 ()
relationship-progress:1  Failed to load resource: the server responded with a status of 405 ()
platform-state:1  Failed to load resource: the server responded with a status of 405 ()
skill-summaries:1  Failed to load resource: the server responded with a status of 405 ()
skill-summaries:1  Failed to load resource: the server responded with a status of 405 ()
relationship-progress:1  Failed to load resource: the server responded with a status of 405 ()
platform-state:1  Failed to load resource: the server responded with a status of 405 ()
relationship-progress:1  Failed to load resource: the server responded with a status of 405 ()
platform-state:1  Failed to load resource: the server responded with a status of 405 ()
91-26e3c0406beebf4c.js?dpl=dpl_ARAp7369oeKH5SQ1nKKAyTszAgJo:1  POST https://actualizeme.linkdap.com/api/user/relationship-progress 405 (Method Not Allowed)
processQueue @ 91-26e3c0406beebf4c.js?dpl=dpl_ARAp7369oeKH5SQ1nKKAyTszAgJo:1
await in processQueue
(anonymous) @ page-541ec85f215f1e78.js?dpl=dpl_ARAp7369oeKH5SQ1nKKAyTszAgJo:2
(anonymous) @ page-541ec85f215f1e78.js?dpl=dpl_ARAp7369oeKH5SQ1nKKAyTszAgJo:2
91-26e3c0406beebf4c.js?dpl=dpl_ARAp7369oeKH5SQ1nKKAyTszAgJo:1  POST https://actualizeme.linkdap.com/api/user/platform-state 405 (Method Not Allowed)
processQueue @ 91-26e3c0406beebf4c.js?dpl=dpl_ARAp7369oeKH5SQ1nKKAyTszAgJo:1
await in processQueue
(anonymous) @ page-541ec85f215f1e78.js?dpl=dpl_ARAp7369oeKH5SQ1nKKAyTszAgJo:2
(anonymous) @ page-541ec85f215f1e78.js?dpl=dpl_ARAp7369oeKH5SQ1nKKAyTszAgJo:2
91-26e3c0406beebf4c.js?dpl=dpl_ARAp7369oeKH5SQ1nKKAyTszAgJo:1  POST https://actualizeme.linkdap.com/api/user/relationship-progress 405 (Method Not Allowed)
processQueue @ 91-26e3c0406beebf4c.js?dpl=dpl_ARAp7369oeKH5SQ1nKKAyTszAgJo:1
await in processQueue
(anonymous) @ page-541ec85f215f1e78.js?dpl=dpl_ARAp7369oeKH5SQ1nKKAyTszAgJo:2
(anonymous) @ page-541ec85f215f1e78.js?dpl=dpl_ARAp7369oeKH5SQ1nKKAyTszAgJo:2
91-26e3c0406beebf4c.js?dpl=dpl_ARAp7369oeKH5SQ1nKKAyTszAgJo:1  POST https://actualizeme.linkdap.com/api/user/platform-state 405 (Method Not Allowed)
processQueue @ 91-26e3c0406beebf4c.js?dpl=dpl_ARAp7369oeKH5SQ1nKKAyTszAgJo:1
await in processQueue
(anonymous) @ page-541ec85f215f1e78.js?dpl=dpl_ARAp7369oeKH5SQ1nKKAyTszAgJo:2
(anonymous) @ page-541ec85f215f1e78.js?dpl=dpl_ARAp7369oeKH5SQ1nKKAyTszAgJo:2
91-26e3c0406beebf4c.js?dpl=dpl_ARAp7369oeKH5SQ1nKKAyTszAgJo:1  POST https://actualizeme.linkdap.com/api/user/relationship-progress 405 (Method Not Allowed)
processQueue @ 91-26e3c0406beebf4c.js?dpl=dpl_ARAp7369oeKH5SQ1nKKAyTszAgJo:1
await in processQueue
(anonymous) @ page-541ec85f215f1e78.js?dpl=dpl_ARAp7369oeKH5SQ1nKKAyTszAgJo:2
(anonymous) @ page-541ec85f215f1e78.js?dpl=dpl_ARAp7369oeKH5SQ1nKKAyTszAgJo:2
91-26e3c0406beebf4c.js?dpl=dpl_ARAp7369oeKH5SQ1nKKAyTszAgJo:1  POST https://actualizeme.linkdap.com/api/user/platform-state 405 (Method Not Allowed)
processQueue @ 91-26e3c0406beebf4c.js?dpl=dpl_ARAp7369oeKH5SQ1nKKAyTszAgJo:1
await in processQueue
(anonymous) @ page-541ec85f215f1e78.js?dpl=dpl_ARAp7369oeKH5SQ1nKKAyTszAgJo:2
(anonymous) @ page-541ec85f215f1e78.js?dpl=dpl_ARAp7369oeKH5SQ1nKKAyTszAgJo:2
91-26e3c0406beebf4c.js?dpl=dpl_ARAp7369oeKH5SQ1nKKAyTszAgJo:1  POST https://actualizeme.linkdap.com/api/user/relationship-progress 405 (Method Not Allowed)
processQueue @ 91-26e3c0406beebf4c.js?dpl=dpl_ARAp7369oeKH5SQ1nKKAyTszAgJo:1
await in processQueue
(anonymous) @ page-541ec85f215f1e78.js?dpl=dpl_ARAp7369oeKH5SQ1nKKAyTszAgJo:2
(anonymous) @ page-541ec85f215f1e78.js?dpl=dpl_ARAp7369oeKH5SQ1nKKAyTszAgJo:2
91-26e3c0406beebf4c.js?dpl=dpl_ARAp7369oeKH5SQ1nKKAyTszAgJo:1  POST https://actualizeme.linkdap.com/api/user/platform-state 405 (Method Not Allowed)
processQueue @ 91-26e3c0406beebf4c.js?dpl=dpl_ARAp7369oeKH5SQ1nKKAyTszAgJo:1
await in processQueue
(anonymous) @ page-541ec85f215f1e78.js?dpl=dpl_ARAp7369oeKH5SQ1nKKAyTszAgJo:2
(anonymous) @ page-541ec85f215f1e78.js?dpl=dpl_ARAp7369oeKH5SQ1nKKAyTszAgJo:2
91-26e3c0406beebf4c.js?dpl=dpl_ARAp7369oeKH5SQ1nKKAyTszAgJo:1  POST https://actualizeme.linkdap.com/api/user/relationship-progress 405 (Method Not Allowed)
processQueue @ 91-26e3c0406beebf4c.js?dpl=dpl_ARAp7369oeKH5SQ1nKKAyTszAgJo:1
await in processQueue
(anonymous) @ page-541ec85f215f1e78.js?dpl=dpl_ARAp7369oeKH5SQ1nKKAyTszAgJo:2
(anonymous) @ page-541ec85f215f1e78.js?dpl=dpl_ARAp7369oeKH5SQ1nKKAyTszAgJo:2
91-26e3c0406beebf4c.js?dpl=dpl_ARAp7369oeKH5SQ1nKKAyTszAgJo:1  POST https://actualizeme.linkdap.com/api/user/platform-state 405 (Method Not Allowed)
processQueue @ 91-26e3c0406beebf4c.js?dpl=dpl_ARAp7369oeKH5SQ1nKKAyTszAgJo:1
await in processQueue
(anonymous) @ page-541ec85f215f1e78.js?dpl=dpl_ARAp7369oeKH5SQ1nKKAyTszAgJo:2
(anonymous) @ page-541ec85f215f1e78.js?dpl=dpl_ARAp7369oeKH5SQ1nKKAyTszAgJo:2
91-26e3c0406beebf4c.js?dpl=dpl_ARAp7369oeKH5SQ1nKKAyTszAgJo:1  POST https://actualizeme.linkdap.com/api/user/relationship-progress 405 (Method Not Allowed)
processQueue @ 91-26e3c0406beebf4c.js?dpl=dpl_ARAp7369oeKH5SQ1nKKAyTszAgJo:1
await in processQueue
(anonymous) @ page-541ec85f215f1e78.js?dpl=dpl_ARAp7369oeKH5SQ1nKKAyTszAgJo:2
(anonymous) @ page-541ec85f215f1e78.js?dpl=dpl_ARAp7369oeKH5SQ1nKKAyTszAgJo:2
91-26e3c0406beebf4c.js?dpl=dpl_ARAp7369oeKH5SQ1nKKAyTszAgJo:1  POST https://actualizeme.linkdap.com/api/user/platform-state 405 (Method Not Allowed)
processQueue @ 91-26e3c0406beebf4c.js?dpl=dpl_ARAp7369oeKH5SQ1nKKAyTszAgJo:1
await in processQueue
(anonymous) @ page-541ec85f215f1e78.js?dpl=dpl_ARAp7369oeKH5SQ1nKKAyTszAgJo:2
(anonymous) @ page-541ec85f215f1e78.js?dpl=dpl_ARAp7369oeKH5SQ1nKKAyTszAgJo:2
91-26e3c0406beebf4c.js?dpl=dpl_ARAp7369oeKH5SQ1nKKAyTszAgJo:1  POST https://actualizeme.linkdap.com/api/user/skill-summaries 405 (Method Not Allowed)
processQueue @ 91-26e3c0406beebf4c.js?dpl=dpl_ARAp7369oeKH5SQ1nKKAyTszAgJo:1
await in processQueue
(anonymous) @ page-541ec85f215f1e78.js?dpl=dpl_ARAp7369oeKH5SQ1nKKAyTszAgJo:2
(anonymous) @ page-541ec85f215f1e78.js?dpl=dpl_ARAp7369oeKH5SQ1nKKAyTszAgJo:2
91-26e3c0406beebf4c.js?dpl=dpl_ARAp7369oeKH5SQ1nKKAyTszAgJo:1  POST https://actualizeme.linkdap.com/api/user/relationship-progress 405 (Method Not Allowed)
processQueue @ 91-26e3c0406beebf4c.js?dpl=dpl_ARAp7369oeKH5SQ1nKKAyTszAgJo:1
await in processQueue
(anonymous) @ page-541ec85f215f1e78.js?dpl=dpl_ARAp7369oeKH5SQ1nKKAyTszAgJo:2
(anonymous) @ page-541ec85f215f1e78.js?dpl=dpl_ARAp7369oeKH5SQ1nKKAyTszAgJo:2
91-26e3c0406beebf4c.js?dpl=dpl_ARAp7369oeKH5SQ1nKKAyTszAgJo:1  POST https://actualizeme.linkdap.com/api/user/platform-state 405 (Method Not Allowed)
processQueue @ 91-26e3c0406beebf4c.js?dpl=dpl_ARAp7369oeKH5SQ1nKKAyTszAgJo:1
await in processQueue
(anonymous) @ page-541ec85f215f1e78.js?dpl=dpl_ARAp7369oeKH5SQ1nKKAyTszAgJo:2
(anonymous) @ page-541ec85f215f1e78.js?dpl=dpl_ARAp7369oeKH5SQ1nKKAyTszAgJo:2
91-26e3c0406beebf4c.js?dpl=dpl_ARAp7369oeKH5SQ1nKKAyTszAgJo:1  POST https://actualizeme.linkdap.com/api/user/relationship-progress 405 (Method Not Allowed)
processQueue @ 91-26e3c0406beebf4c.js?dpl=dpl_ARAp7369oeKH5SQ1nKKAyTszAgJo:1
await in processQueue
(anonymous) @ page-541ec85f215f1e78.js?dpl=dpl_ARAp7369oeKH5SQ1nKKAyTszAgJo:2
(anonymous) @ page-541ec85f215f1e78.js?dpl=dpl_ARAp7369oeKH5SQ1nKKAyTszAgJo:2
91-26e3c0406beebf4c.js?dpl=dpl_ARAp7369oeKH5SQ1nKKAyTszAgJo:1  POST https://actualizeme.linkdap.com/api/user/platform-state 405 (Method Not Allowed)
processQueue @ 91-26e3c0406beebf4c.js?dpl=dpl_ARAp7369oeKH5SQ1nKKAyTszAgJo:1
await in processQueue
(anonymous) @ page-541ec85f215f1e78.js?dpl=dpl_ARAp7369oeKH5SQ1nKKAyTszAgJo:2
(anonymous) @ page-541ec85f215f1e78.js?dpl=dpl_ARAp7369oeKH5SQ1nKKAyTszAgJo:2
91-26e3c0406beebf4c.js?dpl=dpl_ARAp7369oeKH5SQ1nKKAyTszAgJo:1  POST https://actualizeme.linkdap.com/api/user/skill-summaries 405 (Method Not Allowed)
processQueue @ 91-26e3c0406beebf4c.js?dpl=dpl_ARAp7369oeKH5SQ1nKKAyTszAgJo:1
await in processQueue
(anonymous) @ page-541ec85f215f1e78.js?dpl=dpl_ARAp7369oeKH5SQ1nKKAyTszAgJo:2
(anonymous) @ page-541ec85f215f1e78.js?dpl=dpl_ARAp7369oeKH5SQ1nKKAyTszAgJo:2
91-26e3c0406beebf4c.js?dpl=dpl_ARAp7369oeKH5SQ1nKKAyTszAgJo:1  POST https://actualizeme.linkdap.com/api/user/relationship-progress 405 (Method Not Allowed)
processQueue @ 91-26e3c0406beebf4c.js?dpl=dpl_ARAp7369oeKH5SQ1nKKAyTszAgJo:1
await in processQueue
(anonymous) @ page-541ec85f215f1e78.js?dpl=dpl_ARAp7369oeKH5SQ1nKKAyTszAgJo:2
(anonymous) @ page-541ec85f215f1e78.js?dpl=dpl_ARAp7369oeKH5SQ1nKKAyTszAgJo:2
91-26e3c0406beebf4c.js?dpl=dpl_ARAp7369oeKH5SQ1nKKAyTszAgJo:1  POST https://actualizeme.linkdap.com/api/user/platform-state 405 (Method Not Allowed)
processQueue @ 91-26e3c0406beebf4c.js?dpl=dpl_ARAp7369oeKH5SQ1nKKAyTszAgJo:1
await in processQueue
(anonymous) @ page-541ec85f215f1e78.js?dpl=dpl_ARAp7369oeKH5SQ1nKKAyTszAgJo:2
(anonymous) @ page-541ec85f215f1e78.js?dpl=dpl_ARAp7369oeKH5SQ1nKKAyTszAgJo:2
91-26e3c0406beebf4c.js?dpl=dpl_ARAp7369oeKH5SQ1nKKAyTszAgJo:1  POST https://actualizeme.linkdap.com/api/user/relationship-progress 405 (Method Not Allowed)
processQueue @ 91-26e3c0406beebf4c.js?dpl=dpl_ARAp7369oeKH5SQ1nKKAyTszAgJo:1
await in processQueue
(anonymous) @ page-541ec85f215f1e78.js?dpl=dpl_ARAp7369oeKH5SQ1nKKAyTszAgJo:2
(anonymous) @ page-541ec85f215f1e78.js?dpl=dpl_ARAp7369oeKH5SQ1nKKAyTszAgJo:2
91-26e3c0406beebf4c.js?dpl=dpl_ARAp7369oeKH5SQ1nKKAyTszAgJo:1  POST https://actualizeme.linkdap.com/api/user/platform-state 405 (Method Not Allowed)
processQueue @ 91-26e3c0406beebf4c.js?dpl=dpl_ARAp7369oeKH5SQ1nKKAyTszAgJo:1
await in processQueue
(anonymous) @ page-541ec85f215f1e78.js?dpl=dpl_ARAp7369oeKH5SQ1nKKAyTszAgJo:2
(anonymous) @ page-541ec85f215f1e78.js?dpl=dpl_ARAp7369oeKH5SQ1nKKAyTszAgJo:2
91-26e3c0406beebf4c.js?dpl=dpl_ARAp7369oeKH5SQ1nKKAyTszAgJo:1  POST https://actualizeme.linkdap.com/api/user/skill-summaries 405 (Method Not Allowed)
processQueue @ 91-26e3c0406beebf4c.js?dpl=dpl_ARAp7369oeKH5SQ1nKKAyTszAgJo:1
await in processQueue
(anonymous) @ page-541ec85f215f1e78.js?dpl=dpl_ARAp7369oeKH5SQ1nKKAyTszAgJo:2
(anonymous) @ page-541ec85f215f1e78.js?dpl=dpl_ARAp7369oeKH5SQ1nKKAyTszAgJo:2
91-26e3c0406beebf4c.js?dpl=dpl_ARAp7369oeKH5SQ1nKKAyTszAgJo:1  POST https://actualizeme.linkdap.com/api/user/relationship-progress 405 (Method Not Allowed)
processQueue @ 91-26e3c0406beebf4c.js?dpl=dpl_ARAp7369oeKH5SQ1nKKAyTszAgJo:1
await in processQueue
(anonymous) @ page-541ec85f215f1e78.js?dpl=dpl_ARAp7369oeKH5SQ1nKKAyTszAgJo:2
(anonymous) @ page-541ec85f215f1e78.js?dpl=dpl_ARAp7369oeKH5SQ1nKKAyTszAgJo:2
91-26e3c0406beebf4c.js?dpl=dpl_ARAp7369oeKH5SQ1nKKAyTszAgJo:1  POST https://actualizeme.linkdap.com/api/user/platform-state 405 (Method Not Allowed)
processQueue @ 91-26e3c0406beebf4c.js?dpl=dpl_ARAp7369oeKH5SQ1nKKAyTszAgJo:1
await in processQueue
(anonymous) @ page-541ec85f215f1e78.js?dpl=dpl_ARAp7369oeKH5SQ1nKKAyTszAgJo:2
(anonymous) @ page-541ec85f215f1e78.js?dpl=dpl_ARAp7369oeKH5SQ1nKKAyTszAgJo:2
91-26e3c0406beebf4c.js?dpl=dpl_ARAp7369oeKH5SQ1nKKAyTszAgJo:1  POST https://actualizeme.linkdap.com/api/user/relationship-progress 405 (Method Not Allowed)
processQueue @ 91-26e3c0406beebf4c.js?dpl=dpl_ARAp7369oeKH5SQ1nKKAyTszAgJo:1
await in processQueue
(anonymous) @ page-541ec85f215f1e78.js?dpl=dpl_ARAp7369oeKH5SQ1nKKAyTszAgJo:2
(anonymous) @ page-541ec85f215f1e78.js?dpl=dpl_ARAp7369oeKH5SQ1nKKAyTszAgJo:2
91-26e3c0406beebf4c.js?dpl=dpl_ARAp7369oeKH5SQ1nKKAyTszAgJo:1  POST https://actualizeme.linkdap.com/api/user/platform-state 405 (Method Not Allowed)
processQueue @ 91-26e3c0406beebf4c.js?dpl=dpl_ARAp7369oeKH5SQ1nKKAyTszAgJo:1
await in processQueue
(anonymous) @ page-541ec85f215f1e78.js?dpl=dpl_ARAp7369oeKH5SQ1nKKAyTszAgJo:2
(anonymous) @ page-541ec85f215f1e78.js?dpl=dpl_ARAp7369oeKH5SQ1nKKAyTszAgJo:2
91-26e3c0406beebf4c.js?dpl=dpl_ARAp7369oeKH5SQ1nKKAyTszAgJo:1  POST https://actualizeme.linkdap.com/api/user/skill-summaries 405 (Method Not Allowed)
processQueue @ 91-26e3c0406beebf4c.js?dpl=dpl_ARAp7369oeKH5SQ1nKKAyTszAgJo:1
await in processQueue
(anonymous) @ page-541ec85f215f1e78.js?dpl=dpl_ARAp7369oeKH5SQ1nKKAyTszAgJo:2
(anonymous) @ page-541ec85f215f1e78.js?dpl=dpl_ARAp7369oeKH5SQ1nKKAyTszAgJo:2
91-26e3c0406beebf4c.js?dpl=dpl_ARAp7369oeKH5SQ1nKKAyTszAgJo:1  POST https://actualizeme.linkdap.com/api/user/relationship-progress 405 (Method Not Allowed)
processQueue @ 91-26e3c0406beebf4c.js?dpl=dpl_ARAp7369oeKH5SQ1nKKAyTszAgJo:1
await in processQueue
(anonymous) @ page-541ec85f215f1e78.js?dpl=dpl_ARAp7369oeKH5SQ1nKKAyTszAgJo:2
(anonymous) @ page-541ec85f215f1e78.js?dpl=dpl_ARAp7369oeKH5SQ1nKKAyTszAgJo:2
91-26e3c0406beebf4c.js?dpl=dpl_ARAp7369oeKH5SQ1nKKAyTszAgJo:1  POST https://actualizeme.linkdap.com/api/user/platform-state 405 (Method Not Allowed)
processQueue @ 91-26e3c0406beebf4c.js?dpl=dpl_ARAp7369oeKH5SQ1nKKAyTszAgJo:1
await in processQueue
(anonymous) @ page-541ec85f215f1e78.js?dpl=dpl_ARAp7369oeKH5SQ1nKKAyTszAgJo:2
(anonymous) @ page-541ec85f215f1e78.js?dpl=dpl_ARAp7369oeKH5SQ1nKKAyTszAgJo:2
91-26e3c0406beebf4c.js?dpl=dpl_ARAp7369oeKH5SQ1nKKAyTszAgJo:1  POST https://actualizeme.linkdap.com/api/user/relationship-progress 405 (Method Not Allowed)
processQueue @ 91-26e3c0406beebf4c.js?dpl=dpl_ARAp7369oeKH5SQ1nKKAyTszAgJo:1
await in processQueue
(anonymous) @ page-541ec85f215f1e78.js?dpl=dpl_ARAp7369oeKH5SQ1nKKAyTszAgJo:2
(anonymous) @ page-541ec85f215f1e78.js?dpl=dpl_ARAp7369oeKH5SQ1nKKAyTszAgJo:2
91-26e3c0406beebf4c.js?dpl=dpl_ARAp7369oeKH5SQ1nKKAyTszAgJo:1  POST https://actualizeme.linkdap.com/api/user/platform-state 405 (Method Not Allowed)
processQueue @ 91-26e3c0406beebf4c.js?dpl=dpl_ARAp7369oeKH5SQ1nKKAyTszAgJo:1
await in processQueue
(anonymous) @ page-541ec85f215f1e78.js?dpl=dpl_ARAp7369oeKH5SQ1nKKAyTszAgJo:2
(anonymous) @ page-541ec85f215f1e78.js?dpl=dpl_ARAp7369oeKH5SQ1nKKAyTszAgJo:2
91-26e3c0406beebf4c.js?dpl=dpl_ARAp7369oeKH5SQ1nKKAyTszAgJo:1  POST https://actualizeme.linkdap.com/api/user/skill-summaries 405 (Method Not Allowed)
processQueue @ 91-26e3c0406beebf4c.js?dpl=dpl_ARAp7369oeKH5SQ1nKKAyTszAgJo:1
await in processQueue
(anonymous) @ page-541ec85f215f1e78.js?dpl=dpl_ARAp7369oeKH5SQ1nKKAyTszAgJo:2
(anonymous) @ page-541ec85f215f1e78.js?dpl=dpl_ARAp7369oeKH5SQ1nKKAyTszAgJo:2
91-26e3c0406beebf4c.js?dpl=dpl_ARAp7369oeKH5SQ1nKKAyTszAgJo:1  POST https://actualizeme.linkdap.com/api/user/relationship-progress 405 (Method Not Allowed)
processQueue @ 91-26e3c0406beebf4c.js?dpl=dpl_ARAp7369oeKH5SQ1nKKAyTszAgJo:1
await in processQueue
(anonymous) @ page-541ec85f215f1e78.js?dpl=dpl_ARAp7369oeKH5SQ1nKKAyTszAgJo:2
(anonymous) @ page-541ec85f215f1e78.js?dpl=dpl_ARAp7369oeKH5SQ1nKKAyTszAgJo:2
91-26e3c0406beebf4c.js?dpl=dpl_ARAp7369oeKH5SQ1nKKAyTszAgJo:1  POST https://actualizeme.linkdap.com/api/user/platform-state 405 (Method Not Allowed)
processQueue @ 91-26e3c0406beebf4c.js?dpl=dpl_ARAp7369oeKH5SQ1nKKAyTszAgJo:1
await in processQueue
(anonymous) @ page-541ec85f215f1e78.js?dpl=dpl_ARAp7369oeKH5SQ1nKKAyTszAgJo:2
(anonymous) @ page-541ec85f215f1e78.js?dpl=dpl_ARAp7369oeKH5SQ1nKKAyTszAgJo:2
